22:57:39.627 [background-preinit] INFO  o.h.v.i.util.Version - [<clinit>,21] - HV000001: Hibernate Validator 6.2.5.Final
22:57:39.834 [main] INFO  c.r.RuoYiApplication - [logStarting,55] - Starting RuoYiApplication using Java 1.8.0_411 on MacBook-Pro.local with PID 24017 (/Users/caiyu/Workspace/caiyu/silence/silence-admin/ruoyi-admin/target/classes started by caiyu in /Users/caiyu/Workspace/caiyu/silence/silence-admin)
22:57:39.834 [main] INFO  c.r.RuoYiApplication - [logStartupProfileInfo,686] - The following 1 profile is active: "druid"
22:57:41.821 [main] INFO  o.a.c.h.Http11NioProtocol - [log,173] - Initializing ProtocolHandler ["http-nio-8090"]
22:57:41.825 [main] INFO  o.a.c.c.StandardService - [log,173] - Starting service [Tomcat]
22:57:41.825 [main] INFO  o.a.c.c.StandardEngine - [log,173] - Starting Servlet engine: [Apache Tomcat/9.0.96]
22:57:41.899 [main] INFO  o.a.c.c.C.[.[.[/silence] - [log,173] - Initializing Spring embedded WebApplicationContext
22:57:42.680 [main] INFO  c.a.d.p.DruidDataSource - [init,1002] - {dataSource-1} inited
22:57:42.724 [main] INFO  o.a.c.c.StandardService - [log,173] - Stopping service [Tomcat]
22:57:42.733 [Druid-ConnectionPool-Create-1990315034] INFO  c.a.d.p.DruidAbstractDataSource - [setFailContinuous,1900] - {dataSource-1} failContinuous is true
22:59:03.929 [background-preinit] INFO  o.h.v.i.util.Version - [<clinit>,21] - HV000001: Hibernate Validator 6.2.5.Final
22:59:04.135 [main] INFO  c.r.RuoYiApplication - [logStarting,55] - Starting RuoYiApplication using Java 1.8.0_411 on MacBook-Pro.local with PID 25256 (/Users/caiyu/Workspace/caiyu/silence/silence-admin/ruoyi-admin/target/classes started by caiyu in /Users/caiyu/Workspace/caiyu/silence/silence-admin)
22:59:04.136 [main] INFO  c.r.RuoYiApplication - [logStartupProfileInfo,686] - The following 1 profile is active: "druid"
22:59:06.103 [main] INFO  o.a.c.h.Http11NioProtocol - [log,173] - Initializing ProtocolHandler ["http-nio-8090"]
22:59:06.106 [main] INFO  o.a.c.c.StandardService - [log,173] - Starting service [Tomcat]
22:59:06.106 [main] INFO  o.a.c.c.StandardEngine - [log,173] - Starting Servlet engine: [Apache Tomcat/9.0.96]
22:59:06.170 [main] INFO  o.a.c.c.C.[.[.[/silence] - [log,173] - Initializing Spring embedded WebApplicationContext
22:59:06.977 [main] INFO  c.a.d.p.DruidDataSource - [init,1002] - {dataSource-1} inited
22:59:08.636 [main] INFO  o.q.i.StdSchedulerFactory - [instantiate,1220] - Using default implementation for ThreadExecutor
22:59:08.647 [main] INFO  o.q.c.SchedulerSignalerImpl - [<init>,61] - Initialized Scheduler Signaller of type: class org.quartz.core.SchedulerSignalerImpl
22:59:08.647 [main] INFO  o.q.c.QuartzScheduler - [<init>,229] - Quartz Scheduler v.2.3.2 created.
22:59:08.648 [main] INFO  o.q.s.RAMJobStore - [initialize,155] - RAMJobStore initialized.
22:59:08.649 [main] INFO  o.q.c.QuartzScheduler - [initialize,294] - Scheduler meta-data: Quartz Scheduler (v2.3.2) 'quartzScheduler' with instanceId 'NON_CLUSTERED'
  Scheduler class: 'org.quartz.core.QuartzScheduler' - running locally.
  NOT STARTED.
  Currently in standby mode.
  Number of jobs executed: 0
  Using thread pool 'org.quartz.simpl.SimpleThreadPool' - with 10 threads.
  Using job-store 'org.quartz.simpl.RAMJobStore' - which does not support persistence. and is not clustered.

22:59:08.649 [main] INFO  o.q.i.StdSchedulerFactory - [instantiate,1374] - Quartz scheduler 'quartzScheduler' initialized from an externally provided properties instance.
22:59:08.649 [main] INFO  o.q.i.StdSchedulerFactory - [instantiate,1378] - Quartz scheduler version: 2.3.2
22:59:08.649 [main] INFO  o.q.c.QuartzScheduler - [setJobFactory,2293] - JobFactory set to: org.springframework.scheduling.quartz.SpringBeanJobFactory@54ebd3b4
22:59:10.075 [main] INFO  o.a.c.h.Http11NioProtocol - [log,173] - Starting ProtocolHandler ["http-nio-8090"]
22:59:10.376 [main] INFO  o.q.c.QuartzScheduler - [start,547] - Scheduler quartzScheduler_$_NON_CLUSTERED started.
22:59:10.384 [main] INFO  c.r.RuoYiApplication - [logStarted,61] - Started RuoYiApplication in 6.809 seconds (JVM running for 8.913)
22:59:20.525 [http-nio-8090-exec-1] INFO  o.a.c.c.C.[.[.[/silence] - [log,173] - Initializing Spring DispatcherServlet 'dispatcherServlet'
22:59:25.424 [SpringApplicationShutdownHook] INFO  o.q.c.QuartzScheduler - [standby,585] - Scheduler quartzScheduler_$_NON_CLUSTERED paused.
22:59:26.460 [SpringApplicationShutdownHook] INFO  o.q.c.QuartzScheduler - [shutdown,666] - Scheduler quartzScheduler_$_NON_CLUSTERED shutting down.
22:59:26.463 [SpringApplicationShutdownHook] INFO  o.q.c.QuartzScheduler - [standby,585] - Scheduler quartzScheduler_$_NON_CLUSTERED paused.
22:59:26.463 [SpringApplicationShutdownHook] INFO  o.q.c.QuartzScheduler - [shutdown,740] - Scheduler quartzScheduler_$_NON_CLUSTERED shutdown complete.
22:59:26.463 [SpringApplicationShutdownHook] INFO  sys-user - [shutdownAsyncManager,31] - ====关闭后台任务任务线程池====
22:59:26.476 [SpringApplicationShutdownHook] INFO  c.a.d.p.DruidDataSource - [close,2204] - {dataSource-1} closing ...
22:59:26.487 [SpringApplicationShutdownHook] INFO  c.a.d.p.DruidDataSource - [close,2277] - {dataSource-1} closed
22:59:32.526 [background-preinit] INFO  o.h.v.i.util.Version - [<clinit>,21] - HV000001: Hibernate Validator 6.2.5.Final
22:59:32.738 [main] INFO  c.r.RuoYiApplication - [logStarting,55] - Starting RuoYiApplication using Java 1.8.0_411 on MacBook-Pro.local with PID 25492 (/Users/caiyu/Workspace/caiyu/silence/silence-admin/ruoyi-admin/target/classes started by caiyu in /Users/caiyu/Workspace/caiyu/silence/silence-admin)
22:59:32.739 [main] INFO  c.r.RuoYiApplication - [logStartupProfileInfo,686] - The following 1 profile is active: "druid"
22:59:34.612 [main] INFO  o.a.c.h.Http11NioProtocol - [log,173] - Initializing ProtocolHandler ["http-nio-8090"]
22:59:34.615 [main] INFO  o.a.c.c.StandardService - [log,173] - Starting service [Tomcat]
22:59:34.615 [main] INFO  o.a.c.c.StandardEngine - [log,173] - Starting Servlet engine: [Apache Tomcat/9.0.96]
22:59:34.686 [main] INFO  o.a.c.c.C.[.[.[/silence] - [log,173] - Initializing Spring embedded WebApplicationContext
22:59:35.468 [main] INFO  c.a.d.p.DruidDataSource - [init,1002] - {dataSource-1} inited
22:59:36.985 [main] INFO  o.q.i.StdSchedulerFactory - [instantiate,1220] - Using default implementation for ThreadExecutor
22:59:36.995 [main] INFO  o.q.c.SchedulerSignalerImpl - [<init>,61] - Initialized Scheduler Signaller of type: class org.quartz.core.SchedulerSignalerImpl
22:59:36.995 [main] INFO  o.q.c.QuartzScheduler - [<init>,229] - Quartz Scheduler v.2.3.2 created.
22:59:36.996 [main] INFO  o.q.s.RAMJobStore - [initialize,155] - RAMJobStore initialized.
22:59:36.997 [main] INFO  o.q.c.QuartzScheduler - [initialize,294] - Scheduler meta-data: Quartz Scheduler (v2.3.2) 'quartzScheduler' with instanceId 'NON_CLUSTERED'
  Scheduler class: 'org.quartz.core.QuartzScheduler' - running locally.
  NOT STARTED.
  Currently in standby mode.
  Number of jobs executed: 0
  Using thread pool 'org.quartz.simpl.SimpleThreadPool' - with 10 threads.
  Using job-store 'org.quartz.simpl.RAMJobStore' - which does not support persistence. and is not clustered.

22:59:36.997 [main] INFO  o.q.i.StdSchedulerFactory - [instantiate,1374] - Quartz scheduler 'quartzScheduler' initialized from an externally provided properties instance.
22:59:36.997 [main] INFO  o.q.i.StdSchedulerFactory - [instantiate,1378] - Quartz scheduler version: 2.3.2
22:59:36.997 [main] INFO  o.q.c.QuartzScheduler - [setJobFactory,2293] - JobFactory set to: org.springframework.scheduling.quartz.SpringBeanJobFactory@7b255b15
22:59:38.282 [main] INFO  o.a.c.h.Http11NioProtocol - [log,173] - Starting ProtocolHandler ["http-nio-8090"]
22:59:38.551 [main] INFO  o.q.c.QuartzScheduler - [start,547] - Scheduler quartzScheduler_$_NON_CLUSTERED started.
22:59:38.558 [main] INFO  c.r.RuoYiApplication - [logStarted,61] - Started RuoYiApplication in 6.362 seconds (JVM running for 8.168)
23:00:27.209 [SpringApplicationShutdownHook] INFO  o.q.c.QuartzScheduler - [standby,585] - Scheduler quartzScheduler_$_NON_CLUSTERED paused.
23:00:28.242 [SpringApplicationShutdownHook] INFO  o.q.c.QuartzScheduler - [shutdown,666] - Scheduler quartzScheduler_$_NON_CLUSTERED shutting down.
23:00:28.243 [SpringApplicationShutdownHook] INFO  o.q.c.QuartzScheduler - [standby,585] - Scheduler quartzScheduler_$_NON_CLUSTERED paused.
23:00:28.243 [SpringApplicationShutdownHook] INFO  o.q.c.QuartzScheduler - [shutdown,740] - Scheduler quartzScheduler_$_NON_CLUSTERED shutdown complete.
23:00:28.243 [SpringApplicationShutdownHook] INFO  sys-user - [shutdownAsyncManager,31] - ====关闭后台任务任务线程池====
23:00:28.246 [SpringApplicationShutdownHook] INFO  c.a.d.p.DruidDataSource - [close,2204] - {dataSource-1} closing ...
23:00:28.257 [SpringApplicationShutdownHook] INFO  c.a.d.p.DruidDataSource - [close,2277] - {dataSource-1} closed
23:00:31.441 [background-preinit] INFO  o.h.v.i.util.Version - [<clinit>,21] - HV000001: Hibernate Validator 6.2.5.Final
23:00:31.646 [main] INFO  c.r.RuoYiApplication - [logStarting,55] - Starting RuoYiApplication using Java 1.8.0_411 on MacBook-Pro.local with PID 25823 (/Users/caiyu/Workspace/caiyu/silence/silence-admin/ruoyi-admin/target/classes started by caiyu in /Users/caiyu/Workspace/caiyu/silence/silence-admin)
23:00:31.647 [main] INFO  c.r.RuoYiApplication - [logStartupProfileInfo,686] - The following 1 profile is active: "druid"
23:00:33.487 [main] INFO  o.a.c.h.Http11NioProtocol - [log,173] - Initializing ProtocolHandler ["http-nio-8090"]
23:00:33.489 [main] INFO  o.a.c.c.StandardService - [log,173] - Starting service [Tomcat]
23:00:33.490 [main] INFO  o.a.c.c.StandardEngine - [log,173] - Starting Servlet engine: [Apache Tomcat/9.0.96]
23:00:33.558 [main] INFO  o.a.c.c.C.[.[.[/silence] - [log,173] - Initializing Spring embedded WebApplicationContext
23:00:34.351 [main] INFO  c.a.d.p.DruidDataSource - [init,1002] - {dataSource-1} inited
23:00:35.940 [main] INFO  o.q.i.StdSchedulerFactory - [instantiate,1220] - Using default implementation for ThreadExecutor
23:00:35.949 [main] INFO  o.q.c.SchedulerSignalerImpl - [<init>,61] - Initialized Scheduler Signaller of type: class org.quartz.core.SchedulerSignalerImpl
23:00:35.949 [main] INFO  o.q.c.QuartzScheduler - [<init>,229] - Quartz Scheduler v.2.3.2 created.
23:00:35.950 [main] INFO  o.q.s.RAMJobStore - [initialize,155] - RAMJobStore initialized.
23:00:35.950 [main] INFO  o.q.c.QuartzScheduler - [initialize,294] - Scheduler meta-data: Quartz Scheduler (v2.3.2) 'quartzScheduler' with instanceId 'NON_CLUSTERED'
  Scheduler class: 'org.quartz.core.QuartzScheduler' - running locally.
  NOT STARTED.
  Currently in standby mode.
  Number of jobs executed: 0
  Using thread pool 'org.quartz.simpl.SimpleThreadPool' - with 10 threads.
  Using job-store 'org.quartz.simpl.RAMJobStore' - which does not support persistence. and is not clustered.

23:00:35.950 [main] INFO  o.q.i.StdSchedulerFactory - [instantiate,1374] - Quartz scheduler 'quartzScheduler' initialized from an externally provided properties instance.
23:00:35.950 [main] INFO  o.q.i.StdSchedulerFactory - [instantiate,1378] - Quartz scheduler version: 2.3.2
23:00:35.951 [main] INFO  o.q.c.QuartzScheduler - [setJobFactory,2293] - JobFactory set to: org.springframework.scheduling.quartz.SpringBeanJobFactory@633a6f00
23:00:37.265 [main] INFO  o.a.c.h.Http11NioProtocol - [log,173] - Starting ProtocolHandler ["http-nio-8090"]
23:00:37.509 [main] INFO  o.q.c.QuartzScheduler - [start,547] - Scheduler quartzScheduler_$_NON_CLUSTERED started.
23:00:37.518 [main] INFO  c.r.RuoYiApplication - [logStarted,61] - Started RuoYiApplication in 6.399 seconds (JVM running for 8.247)
23:01:06.365 [http-nio-8090-exec-1] INFO  o.a.c.c.C.[.[.[/silence] - [log,173] - Initializing Spring DispatcherServlet 'dispatcherServlet'
23:01:10.553 [schedule-pool-1] INFO  sys-user - [run,55] - [127.0.0.1]内网IP[admin][Success][登录成功]
23:16:13.272 [SpringApplicationShutdownHook] INFO  o.q.c.QuartzScheduler - [standby,585] - Scheduler quartzScheduler_$_NON_CLUSTERED paused.
